# JRE version: OpenJDK Runtime Environment Temurin-21.0.11+10 (21.0.11+10) (build 21.0.11+10-LTS)
# Java VM: OpenJDK 64-Bit Server VM Temurin-21.0.11+10 (21.0.11+10-LTS, mixed mode, sharing, tiered, compressed oops, compressed class ptrs, parallel gc, windows-amd64)
GC Precious Log:
 CardTable entry size: 512
 CPUs: 4 total, 4 available
 Memory: 3976M
 Large Page Support: Disabled
 NUMA Support: Disabled
 Compressed Oops: Enabled (32-bit)
 Alignments: Space 512K, Generation 512K, Heap 2M
 Heap Min Capacity: 100M
 Heap Initial Capacity: 100M
 Heap Max Capacity: 2G
 Pre-touch: Disabled
 Parallel Workers: 4
Heap:
 PSYoungGen      total 4096K, used 2267K [0x00000000d5580000, 0x00000000d5a80000, 0x0000000100000000)
  eden space 3072K, 56% used [0x00000000d5580000,0x00000000d572edb8,0x00000000d5880000)
  from space 1024K, 53% used [0x00000000d5980000,0x00000000d5a08000,0x00000000d5a80000)
  to   space 1024K, 0% used [0x00000000d5880000,0x00000000d5880000,0x00000000d5980000)
 ParOldGen       total 1277440K, used 1277317K [0x0000000080000000, 0x00000000cdf80000, 0x00000000d5580000)
  object space 1277440K, 99% used [0x0000000080000000,0x00000000cdf616d0,0x00000000cdf80000)
 Metaspace       used 101072K, committed 102848K, reserved 1179648K
  class space    used 9910K, committed 10752K, reserved 1048576K
GC Heap History (20 events):
Event: 21051.167 GC heap before
{Heap before GC invocations=11964 (full 14):
 PSYoungGen      total 3584K, used 3556K [0x00000000d5580000, 0x00000000d5a80000, 0x0000000100000000)
  eden space 3072K, 100% used [0x00000000d5580000,0x00000000d5880000,0x00000000d5880000)
  from space 512K, 94% used [0x00000000d5980000,0x00000000d59f9210,0x00000000d5a00000)
  to   space 1024K, 0% used [0x00000000d5880000,0x00000000d5880000,0x00000000d5980000)
 ParOldGen       total 1274880K, used 1274394K [0x0000000080000000, 0x00000000cdd00000, 0x00000000d5580000)
  object space 1274880K, 99% used [0x0000000080000000,0x00000000cdc86870,0x00000000cdd00000)
 Metaspace       used 101067K, committed 102848K, reserved 1179648K
  class space    used 9910K, committed 10752K, reserved 1048576K
}
Event: 21051.171 GC heap after
{Heap after GC invocations=11964 (full 14):
 PSYoungGen      total 4096K, used 304K [0x00000000d5580000, 0x00000000d5a00000, 0x0000000100000000)
  eden space 3072K, 0% used [0x00000000d5580000,0x00000000d5580000,0x00000000d5880000)
  from space 1024K, 29% used [0x00000000d5880000,0x00000000d58cc010,0x00000000d5980000)
  to   space 512K, 0% used [0x00000000d5980000,0x00000000d5980000,0x00000000d5a00000)
 ParOldGen       total 1274880K, used 1274862K [0x0000000080000000, 0x00000000cdd00000, 0x00000000d5580000)
  object space 1274880K, 99% used [0x0000000080000000,0x00000000cdcfba80,0x00000000cdd00000)
 Metaspace       used 101067K, committed 102848K, reserved 1179648K
  class space    used 9910K, committed 10752K, reserved 1048576K
}
Event: 21051.244 GC heap before
{Heap before GC invocations=11965 (full 14):
 PSYoungGen      total 4096K, used 3376K [0x00000000d5580000, 0x00000000d5a00000, 0x0000000100000000)
  eden space 3072K, 100% used [0x00000000d5580000,0x00000000d5880000,0x00000000d5880000)
  from space 1024K, 29% used [0x00000000d5880000,0x00000000d58cc010,0x00000000d5980000)
  to   space 512K, 0% used [0x00000000d5980000,0x00000000d5980000,0x00000000d5a00000)
 ParOldGen       total 1274880K, used 1274862K [0x0000000080000000, 0x00000000cdd00000, 0x00000000d5580000)
  object space 1274880K, 99% used [0x0000000080000000,0x00000000cdcfba80,0x00000000cdd00000)
 Metaspace       used 101067K, committed 102848K, reserved 1179648K
  class space    used 9910K, committed 10752K, reserved 1048576K
}
Event: 21051.247 GC heap after
{Heap after GC invocations=11965 (full 14):
 PSYoungGen      total 3584K, used 224K [0x00000000d5580000, 0x00000000d5a00000, 0x0000000100000000)
  eden space 3072K, 0% used [0x00000000d5580000,0x00000000d5580000,0x00000000d5880000)
  from space 512K, 43% used [0x00000000d5980000,0x00000000d59b8000,0x00000000d5a00000)
  to   space 512K, 0% used [0x00000000d5900000,0x00000000d5900000,0x00000000d5980000)
 ParOldGen       total 1275392K, used 1275094K [0x0000000080000000, 0x00000000cdd80000, 0x00000000d5580000)
  object space 1275392K, 99% used [0x0000000080000000,0x00000000cdd35aa0,0x00000000cdd80000)
 Metaspace       used 101067K, committed 102848K, reserved 1179648K
  class space    used 9910K, committed 10752K, reserved 1048576K
}
Event: 21051.316 GC heap before
{Heap before GC invocations=11966 (full 14):
 PSYoungGen      total 3584K, used 3296K [0x00000000d5580000, 0x00000000d5a00000, 0x0000000100000000)
  eden space 3072K, 100% used [0x00000000d5580000,0x00000000d5880000,0x00000000d5880000)
  from space 512K, 43% used [0x00000000d5980000,0x00000000d59b8000,0x00000000d5a00000)
  to   space 512K, 0% used [0x00000000d5900000,0x00000000d5900000,0x00000000d5980000)
 ParOldGen       total 1275392K, used 1275094K [0x0000000080000000, 0x00000000cdd80000, 0x00000000d5580000)
  object space 1275392K, 99% used [0x0000000080000000,0x00000000cdd35aa0,0x00000000cdd80000)
 Metaspace       used 101067K, committed 102848K, reserved 1179648K
  class space    used 9910K, committed 10752K, reserved 1048576K
}
Event: 21051.321 GC heap after
{Heap after GC invocations=11966 (full 14):
 PSYoungGen      total 3584K, used 500K [0x00000000d5580000, 0x00000000d5a80000, 0x0000000100000000)
  eden space 3072K, 0% used [0x00000000d5580000,0x00000000d5580000,0x00000000d5880000)
  from space 512K, 97% used [0x00000000d5900000,0x00000000d597d200,0x00000000d5980000)
  to   space 1024K, 0% used [0x00000000d5980000,0x00000000d5980000,0x00000000d5a80000)
 ParOldGen       total 1275392K, used 1275318K [0x0000000080000000, 0x00000000cdd80000, 0x00000000d5580000)
  object space 1275392K, 99% used [0x0000000080000000,0x00000000cdd6dac0,0x00000000cdd80000)
 Metaspace       used 101067K, committed 102848K, reserved 1179648K
  class space    used 9910K, committed 10752K, reserved 1048576K
}
Event: 21051.397 GC heap before
{Heap before GC invocations=11967 (full 14):
 PSYoungGen      total 3584K, used 3572K [0x00000000d5580000, 0x00000000d5a80000, 0x0000000100000000)
  eden space 3072K, 100% used [0x00000000d5580000,0x00000000d5880000,0x00000000d5880000)
  from space 512K, 97% used [0x00000000d5900000,0x00000000d597d200,0x00000000d5980000)
  to   space 1024K, 0% used [0x00000000d5980000,0x00000000d5980000,0x00000000d5a80000)
 ParOldGen       total 1275392K, used 1275318K [0x0000000080000000, 0x00000000cdd80000, 0x00000000d5580000)
  object space 1275392K, 99% used [0x0000000080000000,0x00000000cdd6dac0,0x00000000cdd80000)
 Metaspace       used 101067K, committed 102848K, reserved 1179648K
  class space    used 9910K, committed 10752K, reserved 1048576K
}
Event: 21051.402 GC heap after
{Heap after GC invocations=11967 (full 14):
 PSYoungGen      total 3584K, used 352K [0x00000000d5580000, 0x00000000d5a00000, 0x0000000100000000)
  eden space 3072K, 0% used [0x00000000d5580000,0x00000000d5580000,0x00000000d5880000)
  from space 512K, 68% used [0x00000000d5980000,0x00000000d59d8000,0x00000000d5a00000)
  to   space 512K, 0% used [0x00000000d5900000,0x00000000d5900000,0x00000000d5980000)
 ParOldGen       total 1275904K, used 1275799K [0x0000000080000000, 0x00000000cde00000, 0x00000000d5580000)
  object space 1275904K, 99% used [0x0000000080000000,0x00000000cdde5f88,0x00000000cde00000)
 Metaspace       used 101067K, committed 102848K, reserved 1179648K
  class space    used 9910K, committed 10752K, reserved 1048576K
}
Event: 21051.476 GC heap before
{Heap before GC invocations=11968 (full 14):
 PSYoungGen      total 3584K, used 3424K [0x00000000d5580000, 0x00000000d5a00000, 0x0000000100000000)
  eden space 3072K, 100% used [0x00000000d5580000,0x00000000d5880000,0x00000000d5880000)
  from space 512K, 68% used [0x00000000d5980000,0x00000000d59d8000,0x00000000d5a00000)
  to   space 512K, 0% used [0x00000000d5900000,0x00000000d5900000,0x00000000d5980000)
 ParOldGen       total 1275904K, used 1275799K [0x0000000080000000, 0x00000000cde00000, 0x00000000d5580000)
  object space 1275904K, 99% used [0x0000000080000000,0x00000000cdde5f88,0x00000000cde00000)
 Metaspace       used 101067K, committed 102848K, reserved 1179648K
  class space    used 9910K, committed 10752K, reserved 1048576K
}
Event: 21051.480 GC heap after
{Heap after GC invocations=11968 (full 14):
 PSYoungGen      total 3584K, used 288K [0x00000000d5580000, 0x00000000d5a00000, 0x0000000100000000)
  eden space 3072K, 0% used [0x00000000d5580000,0x00000000d5580000,0x00000000d5880000)
  from space 512K, 56% used [0x00000000d5900000,0x00000000d5948020,0x00000000d5980000)
  to   space 512K, 0% used [0x00000000d5980000,0x00000000d5980000,0x00000000d5a00000)
 ParOldGen       total 1276416K, used 1276079K [0x0000000080000000, 0x00000000cde80000, 0x00000000d5580000)
  object space 1276416K, 99% used [0x0000000080000000,0x00000000cde2bf88,0x00000000cde80000)
 Metaspace       used 101067K, committed 102848K, reserved 1179648K
  class space    used 9910K, committed 10752K, reserved 1048576K
}
Event: 21051.546 GC heap before
{Heap before GC invocations=11969 (full 14):
 PSYoungGen      total 3584K, used 3360K [0x00000000d5580000, 0x00000000d5a00000, 0x0000000100000000)
  eden space 3072K, 100% used [0x00000000d5580000,0x00000000d5880000,0x00000000d5880000)
  from space 512K, 56% used [0x00000000d5900000,0x00000000d5948020,0x00000000d5980000)
  to   space 512K, 0% used [0x00000000d5980000,0x00000000d5980000,0x00000000d5a00000)
 ParOldGen       total 1276416K, used 1276079K [0x0000000080000000, 0x00000000cde80000, 0x00000000d5580000)
  object space 1276416K, 99% used [0x0000000080000000,0x00000000cde2bf88,0x00000000cde80000)
 Metaspace       used 101067K, committed 102848K, reserved 1179648K
  class space    used 9910K, committed 10752K, reserved 1048576K
}
Event: 21051.559 GC heap after
{Heap after GC invocations=11969 (full 14):
 PSYoungGen      total 3584K, used 256K [0x00000000d5580000, 0x00000000d5a00000, 0x0000000100000000)
  eden space 3072K, 0% used [0x00000000d5580000,0x00000000d5580000,0x00000000d5880000)
  from space 512K, 50% used [0x00000000d5980000,0x00000000d59c0000,0x00000000d5a00000)
  to   space 512K, 0% used [0x00000000d5900000,0x00000000d5900000,0x00000000d5980000)
 ParOldGen       total 1276416K, used 1276319K [0x0000000080000000, 0x00000000cde80000, 0x00000000d5580000)
  object space 1276416K, 99% used [0x0000000080000000,0x00000000cde67fc8,0x00000000cde80000)
 Metaspace       used 101067K, committed 102848K, reserved 1179648K
  class space    used 9910K, committed 10752K, reserved 1048576K
}
Event: 21235.859 GC heap before
{Heap before GC invocations=11970 (full 14):
 PSYoungGen      total 3584K, used 3328K [0x00000000d5580000, 0x00000000d5a00000, 0x0000000100000000)
  eden space 3072K, 100% used [0x00000000d5580000,0x00000000d5880000,0x00000000d5880000)
  from space 512K, 50% used [0x00000000d5980000,0x00000000d59c0000,0x00000000d5a00000)
  to   space 512K, 0% used [0x00000000d5900000,0x00000000d5900000,0x00000000d5980000)
 ParOldGen       total 1276416K, used 1276319K [0x0000000080000000, 0x00000000cde80000, 0x00000000d5580000)
  object space 1276416K, 99% used [0x0000000080000000,0x00000000cde67fc8,0x00000000cde80000)
 Metaspace       used 101072K, committed 102848K, reserved 1179648K
  class space    used 9910K, committed 10752K, reserved 1048576K
}
Event: 21236.786 GC heap after
{Heap after GC invocations=11970 (full 14):
 PSYoungGen      total 3584K, used 256K [0x00000000d5580000, 0x00000000d5a00000, 0x0000000100000000)
  eden space 3072K, 0% used [0x00000000d5580000,0x00000000d5580000,0x00000000d5880000)
  from space 512K, 50% used [0x00000000d5900000,0x00000000d5940000,0x00000000d5980000)
  to   space 512K, 0% used [0x00000000d5980000,0x00000000d5980000,0x00000000d5a00000)
 ParOldGen       total 1276928K, used 1276527K [0x0000000080000000, 0x00000000cdf00000, 0x00000000d5580000)
  object space 1276928K, 99% used [0x0000000080000000,0x00000000cde9bfe8,0x00000000cdf00000)
 Metaspace       used 101072K, committed 102848K, reserved 1179648K
  class space    used 9910K, committed 10752K, reserved 1048576K
}
Event: 21658.574 GC heap before
{Heap before GC invocations=11971 (full 14):
 PSYoungGen      total 3584K, used 3328K [0x00000000d5580000, 0x00000000d5a00000, 0x0000000100000000)
  eden space 3072K, 100% used [0x00000000d5580000,0x00000000d5880000,0x00000000d5880000)
  from space 512K, 50% used [0x00000000d5900000,0x00000000d5940000,0x00000000d5980000)
  to   space 512K, 0% used [0x00000000d5980000,0x00000000d5980000,0x00000000d5a00000)
 ParOldGen       total 1276928K, used 1276527K [0x0000000080000000, 0x00000000cdf00000, 0x00000000d5580000)
  object space 1276928K, 99% used [0x0000000080000000,0x00000000cde9bfe8,0x00000000cdf00000)
 Metaspace       used 101072K, committed 102848K, reserved 1179648K
  class space    used 9910K, committed 10752K, reserved 1048576K
}
Event: 21659.853 GC heap after
{Heap after GC invocations=11971 (full 14):
 PSYoungGen      total 3584K, used 192K [0x00000000d5580000, 0x00000000d5a00000, 0x0000000100000000)
  eden space 3072K, 0% used [0x00000000d5580000,0x00000000d5580000,0x00000000d5880000)
  from space 512K, 37% used [0x00000000d5980000,0x00000000d59b0000,0x00000000d5a00000)
  to   space 512K, 0% used [0x00000000d5900000,0x00000000d5900000,0x00000000d5980000)
 ParOldGen       total 1276928K, used 1276727K [0x0000000080000000, 0x00000000cdf00000, 0x00000000d5580000)
  object space 1276928K, 99% used [0x0000000080000000,0x00000000cdecdfe8,0x00000000cdf00000)
 Metaspace       used 101072K, committed 102848K, reserved 1179648K
  class space    used 9910K, committed 10752K, reserved 1048576K
}
Event: 21659.968 GC heap before
{Heap before GC invocations=11972 (full 14):
 PSYoungGen      total 3584K, used 3264K [0x00000000d5580000, 0x00000000d5a00000, 0x0000000100000000)
  eden space 3072K, 100% used [0x00000000d5580000,0x00000000d5880000,0x00000000d5880000)
  from space 512K, 37% used [0x00000000d5980000,0x00000000d59b0000,0x00000000d5a00000)
  to   space 512K, 0% used [0x00000000d5900000,0x00000000d5900000,0x00000000d5980000)
 ParOldGen       total 1276928K, used 1276727K [0x0000000080000000, 0x00000000cdf00000, 0x00000000d5580000)
  object space 1276928K, 99% used [0x0000000080000000,0x00000000cdecdfe8,0x00000000cdf00000)
 Metaspace       used 101072K, committed 102848K, reserved 1179648K
  class space    used 9910K, committed 10752K, reserved 1048576K
}
Event: 21659.981 GC heap after
{Heap after GC invocations=11972 (full 14):
 PSYoungGen      total 3584K, used 489K [0x00000000d5580000, 0x00000000d5a80000, 0x0000000100000000)
  eden space 3072K, 0% used [0x00000000d5580000,0x00000000d5580000,0x00000000d5880000)
  from space 512K, 95% used [0x00000000d5900000,0x00000000d597a440,0x00000000d5980000)
  to   space 1024K, 0% used [0x00000000d5980000,0x00000000d5980000,0x00000000d5a80000)
 ParOldGen       total 1276928K, used 1276892K [0x0000000080000000, 0x00000000cdf00000, 0x00000000d5580000)
  object space 1276928K, 99% used [0x0000000080000000,0x00000000cdef7290,0x00000000cdf00000)
 Metaspace       used 101072K, committed 102848K, reserved 1179648K
  class space    used 9910K, committed 10752K, reserved 1048576K
}
Event: 21660.345 GC heap before
{Heap before GC invocations=11973 (full 14):
 PSYoungGen      total 3584K, used 3561K [0x00000000d5580000, 0x00000000d5a80000, 0x0000000100000000)
  eden space 3072K, 99% used [0x00000000d5580000,0x00000000d587fff0,0x00000000d5880000)
  from space 512K, 95% used [0x00000000d5900000,0x00000000d597a440,0x00000000d5980000)
  to   space 1024K, 0% used [0x00000000d5980000,0x00000000d5980000,0x00000000d5a80000)
 ParOldGen       total 1276928K, used 1276892K [0x0000000080000000, 0x00000000cdf00000, 0x00000000d5580000)
  object space 1276928K, 99% used [0x0000000080000000,0x00000000cdef7290,0x00000000cdf00000)
 Metaspace       used 101072K, committed 102848K, reserved 1179648K
  class space    used 9910K, committed 10752K, reserved 1048576K
}
Event: 21660.354 GC heap after
{Heap after GC invocations=11973 (full 14):
 PSYoungGen      total 4096K, used 544K [0x00000000d5580000, 0x00000000d5a80000, 0x0000000100000000)
  eden space 3072K, 0% used [0x00000000d5580000,0x00000000d5580000,0x00000000d5880000)
  from space 1024K, 53% used [0x00000000d5980000,0x00000000d5a08000,0x00000000d5a80000)
  to   space 1024K, 0% used [0x00000000d5880000,0x00000000d5880000,0x00000000d5980000)
 ParOldGen       total 1277440K, used 1277317K [0x0000000080000000, 0x00000000cdf80000, 0x00000000d5580000)
  object space 1277440K, 99% used [0x0000000080000000,0x00000000cdf616d0,0x00000000cdf80000)
 Metaspace       used 101072K, committed 102848K, reserved 1179648K
  class space    used 9910K, committed 10752K, reserved 1048576K
}

